C:\Dev\Demo\Demo\ClientApp\dist\out-tsc\e2e\src\app.po.js
C:\Dev\Demo\Demo\ClientApp\dist\out-tsc\e2e\src\app.po.js.map
C:\Dev\Demo\Demo\ClientApp\dist\out-tsc\e2e\src\app.e2e-spec.js
C:\Dev\Demo\Demo\ClientApp\dist\out-tsc\e2e\src\app.e2e-spec.js.map
C:\Dev\Demo\Demo\ClientApp\dist\out-tsc\src\environments\environment.js
C:\Dev\Demo\Demo\ClientApp\dist\out-tsc\src\environments\environment.js.map
C:\Dev\Demo\Demo\ClientApp\dist\out-tsc\src\app\models\hospital.js
C:\Dev\Demo\Demo\ClientApp\dist\out-tsc\src\app\models\hospital.js.map
C:\Dev\Demo\Demo\ClientApp\dist\out-tsc\src\app\services\hospital.service.js
C:\Dev\Demo\Demo\ClientApp\dist\out-tsc\src\app\services\hospital.service.js.map
C:\Dev\Demo\Demo\ClientApp\dist\out-tsc\src\app\hospitals\hospitals.component.js
C:\Dev\Demo\Demo\ClientApp\dist\out-tsc\src\app\hospitals\hospitals.component.js.map
C:\Dev\Demo\Demo\ClientApp\dist\out-tsc\src\app\hospital\hospital.component.js
C:\Dev\Demo\Demo\ClientApp\dist\out-tsc\src\app\hospital\hospital.component.js.map
C:\Dev\Demo\Demo\ClientApp\dist\out-tsc\src\app\hospital-add-edit\hospital-add-edit.component.js
C:\Dev\Demo\Demo\ClientApp\dist\out-tsc\src\app\hospital-add-edit\hospital-add-edit.component.js.map
C:\Dev\Demo\Demo\ClientApp\dist\out-tsc\src\app\app-routing.module.js
C:\Dev\Demo\Demo\ClientApp\dist\out-tsc\src\app\app-routing.module.js.map
C:\Dev\Demo\Demo\ClientApp\dist\out-tsc\src\app\app.component.js
C:\Dev\Demo\Demo\ClientApp\dist\out-tsc\src\app\app.component.js.map
C:\Dev\Demo\Demo\ClientApp\dist\out-tsc\src\app\app.module.js
C:\Dev\Demo\Demo\ClientApp\dist\out-tsc\src\app\app.module.js.map
C:\Dev\Demo\Demo\ClientApp\dist\out-tsc\src\main.js
C:\Dev\Demo\Demo\ClientApp\dist\out-tsc\src\main.js.map
C:\Dev\Demo\Demo\ClientApp\dist\out-tsc\src\polyfills.js
C:\Dev\Demo\Demo\ClientApp\dist\out-tsc\src\polyfills.js.map
C:\Dev\Demo\Demo\ClientApp\dist\out-tsc\src\test.js
C:\Dev\Demo\Demo\ClientApp\dist\out-tsc\src\test.js.map
C:\Dev\Demo\Demo\ClientApp\dist\out-tsc\src\app\app.component.spec.js
C:\Dev\Demo\Demo\ClientApp\dist\out-tsc\src\app\app.component.spec.js.map
C:\Dev\Demo\Demo\ClientApp\dist\out-tsc\src\app\hospital\hospital.component.spec.js
C:\Dev\Demo\Demo\ClientApp\dist\out-tsc\src\app\hospital\hospital.component.spec.js.map
C:\Dev\Demo\Demo\ClientApp\dist\out-tsc\src\app\hospital-add-edit\hospital-add-edit.component.spec.js
C:\Dev\Demo\Demo\ClientApp\dist\out-tsc\src\app\hospital-add-edit\hospital-add-edit.component.spec.js.map
C:\Dev\Demo\Demo\ClientApp\dist\out-tsc\src\app\hospitals\hospitals.component.spec.js
C:\Dev\Demo\Demo\ClientApp\dist\out-tsc\src\app\hospitals\hospitals.component.spec.js.map
C:\Dev\Demo\Demo\ClientApp\dist\out-tsc\src\app\services\hospital.service.spec.js
C:\Dev\Demo\Demo\ClientApp\dist\out-tsc\src\app\services\hospital.service.spec.js.map
C:\Dev\Demo\Demo\ClientApp\dist\out-tsc\src\environments\environment.prod.js
C:\Dev\Demo\Demo\ClientApp\dist\out-tsc\src\environments\environment.prod.js.map
